2025-02-03T17:54:34.143Z [INFO]: Server started on undefined with PID: 21588
2025-02-03T17:54:34.145Z [INFO]: Environment: test
2025-02-03T18:02:18.328Z [INFO]: Server started on undefined with PID: 16496
2025-02-03T18:02:18.330Z [INFO]: Environment: test
2025-02-03T18:13:03.510Z [INFO]: Server started on undefined with PID: 9040
2025-02-03T18:13:03.512Z [INFO]: Environment: production
2025-02-03T18:13:41.555Z [INFO]: Server started on undefined with PID: 22952
2025-02-03T18:13:41.557Z [INFO]: Environment: production
2025-02-03T18:13:51.640Z [INFO]: Server started on undefined with PID: 5764
2025-02-03T18:13:51.641Z [INFO]: Environment: test
2025-02-03T18:14:36.048Z [INFO]: Server started on undefined with PID: 19388
2025-02-03T18:14:36.050Z [INFO]: Environment: production
2025-02-03T18:16:38.318Z [INFO]: Server started on undefined with PID: 9612
2025-02-03T18:16:38.320Z [INFO]: Environment: test
2025-02-03T18:18:59.081Z [INFO]: Server started on undefined with PID: 22540
2025-02-03T18:18:59.083Z [INFO]: Environment: test
2025-02-03T18:19:52.032Z [INFO]: Server started on undefined with PID: 19628
2025-02-03T18:19:52.033Z [INFO]: Environment: production
2025-02-03T18:20:07.777Z [INFO]: Server started on undefined with PID: 19480
2025-02-03T18:20:07.779Z [INFO]: Environment: test
2025-02-03T18:20:18.124Z [INFO]: Server started on undefined with PID: 20032
2025-02-03T18:20:18.126Z [INFO]: Environment: production
2025-02-03T18:26:53.692Z [INFO]: Server started on undefined with PID: 19712
2025-02-03T18:26:53.694Z [INFO]: Environment: production
2025-02-03T18:31:58.810Z [INFO]: Server started on undefined with PID: 7768
2025-02-03T18:31:58.812Z [INFO]: Environment: test
2025-02-03T18:34:48.277Z [INFO]: Server started on undefined with PID: 22620
2025-02-03T18:34:48.279Z [INFO]: Environment: test
2025-02-03T18:40:46.617Z [INFO]: Server started on undefined with PID: 21736
2025-02-03T18:40:46.620Z [INFO]: Environment: test
2025-02-03T18:45:37.003Z [INFO]: Server started on undefined with PID: 21412
2025-02-03T18:45:37.005Z [INFO]: Environment: test
2025-02-03T18:48:32.646Z [INFO]: Server started on backend-nodejs-main.up.railway.app with PID: 20324
2025-02-03T18:48:32.648Z [INFO]: Environment: production
2025-02-03T18:48:45.271Z [INFO]: Server started on backend-nodejs-main.up.railway.app with PID: 19908
2025-02-03T18:48:45.273Z [INFO]: Environment: production
2025-02-03T18:48:59.158Z [INFO]: Server started on backend-nodejs-main.up.railway.app with PID: 19204
2025-02-03T18:48:59.161Z [INFO]: Environment: test
2025-02-03T18:58:32.230Z [INFO]: Server started on backend-nodejs-main.up.railway.app with PID: 23748
2025-02-03T18:58:32.232Z [INFO]: Environment: test
2025-02-03T18:59:58.097Z [INFO]: Server started on undefined with PID: 11468
2025-02-03T18:59:58.099Z [INFO]: Environment: test
2025-02-03T19:00:54.791Z [INFO]: Server started on backend-nodejs-main.up.railway.app with PID: 23444
2025-02-03T19:00:54.792Z [INFO]: Environment: test
2025-02-03T19:02:33.547Z [INFO]: Server started on backend-nodejs-main.up.railway.app with PID: 12868
2025-02-03T19:02:33.552Z [INFO]: Environment: test
2025-02-03T19:08:16.067Z [INFO]: Server started on backend-nodejs-main.up.railway.app with PID: 24292
2025-02-03T19:08:16.086Z [INFO]: Environment: test
2025-02-03T19:08:59.699Z [INFO]: Server started on backend-nodejs-main.up.railway.app with PID: 19764
2025-02-03T19:08:59.701Z [INFO]: Environment: test
2025-02-03T19:10:26.350Z [INFO]: Server started on undefined with PID: 23680
2025-02-03T19:10:26.353Z [INFO]: Environment: test
2025-02-03T19:10:53.273Z [INFO]: Server started on backend-nodejs-main.up.railway.app with PID: 19496
2025-02-03T19:10:53.274Z [INFO]: Environment: production
2025-02-03T19:14:24.771Z [INFO]: Server started on backend-nodejs-main.up.railway.app with PID: 8952
2025-02-03T19:14:24.773Z [INFO]: Environment: test
2025-02-03T19:16:08.653Z [INFO]: Server started on backend-nodejs-main.up.railway.app with PID: 24076
2025-02-03T19:16:08.656Z [INFO]: Environment: test
2025-02-03T19:19:55.373Z [INFO]: Server started on backend-nodejs-main.up.railway.app with PID: 3332
2025-02-03T19:19:55.375Z [INFO]: Environment: test
2025-02-03T19:22:32.704Z [INFO]: Server started on backend-nodejs-main.up.railway.app with PID: 23740
2025-02-03T19:22:32.706Z [INFO]: Environment: test
2025-02-03T19:24:49.863Z [INFO]: Server started on backend-nodejs-main.up.railway.app with PID: 20128
2025-02-03T19:24:49.868Z [INFO]: Environment: test
2025-02-03T19:27:33.379Z [INFO]: Server started on backend-nodejs-main.up.railway.app with PID: 13228
2025-02-03T19:27:33.384Z [INFO]: Environment: test
2025-02-03T19:28:10.400Z [INFO]: Server started on backend-nodejs-main.up.railway.app with PID: 23716
2025-02-03T19:28:10.406Z [INFO]: Environment: test
2025-02-03T19:38:07.945Z [INFO]: Server started on backend-nodejs-main.up.railway.app with PID: 18440
2025-02-03T19:38:07.951Z [INFO]: Environment: test
2025-02-03T19:45:19.217Z [INFO]: Server started on backend-nodejs-main.up.railway.app with PID: 12460
2025-02-03T19:45:19.222Z [INFO]: Environment: test
2025-02-03T19:48:40.646Z [INFO]: Server started on backend-nodejs-main.up.railway.app with PID: 23736
2025-02-03T19:48:40.655Z [INFO]: Environment: test
2025-02-03T19:50:51.891Z [INFO]: Server started on undefined with PID: 21160
2025-02-03T19:50:51.896Z [INFO]: Environment: test
2025-02-03T19:54:22.485Z [INFO]: Server started on undefined with PID: 23628
2025-02-03T19:54:22.490Z [INFO]: Environment: test
2025-02-03T19:54:58.688Z [INFO]: Server started on undefined with PID: 23728
2025-02-03T19:54:58.693Z [INFO]: Environment: test
2025-02-03T19:56:44.167Z [INFO]: Server started on backend-nodejs-main.up.railway.app with PID: 13448
2025-02-03T19:56:44.172Z [INFO]: Environment: test
2025-02-03T19:57:47.928Z [INFO]: Server started on backend-nodejs-main.up.railway.app with PID: 23056
2025-02-03T19:57:47.935Z [INFO]: Environment: test
2025-02-03T19:59:35.363Z [INFO]: Server started on backend-nodejs-main.up.railway.app with PID: 23660
2025-02-03T19:59:35.370Z [INFO]: Environment: test
2025-02-03T20:03:44.211Z [INFO]: Server started on backend-nodejs-main.up.railway.app with PID: 18796
2025-02-03T20:03:44.216Z [INFO]: Environment: test
2025-02-03T20:05:06.089Z [INFO]: Server started on backend-nodejs-main.up.railway.app with PID: 6748
2025-02-03T20:05:06.098Z [INFO]: Environment: test
2025-02-03T20:06:12.530Z [INFO]: Server started on backend-nodejs-main.up.railway.app with PID: 18072
2025-02-03T20:06:12.536Z [INFO]: Environment: test
2025-02-03T20:08:13.140Z [INFO]: Server started on backend-nodejs-main.up.railway.app with PID: 21460
2025-02-03T20:08:13.146Z [INFO]: Environment: test
2025-02-03T20:13:27.224Z [INFO]: Server started on backend-nodejs-main.up.railway.app with PID: 22888
2025-02-03T20:13:27.229Z [INFO]: Environment: test
2025-02-03T20:21:50.518Z [INFO]: Server started on backend-nodejs-main.up.railway.app with PID: 24184
2025-02-03T20:21:50.522Z [INFO]: Environment: test
2025-02-03T20:23:59.599Z [INFO]: Server started on undefined with PID: 24036
2025-02-03T20:23:59.604Z [INFO]: Environment: test
2025-02-03T20:26:17.499Z [INFO]: Server started on undefined with PID: 10940
2025-02-03T20:26:17.504Z [INFO]: Environment: test
2025-02-03T20:29:30.706Z [INFO]: Server started on undefined with PID: 19128
2025-02-03T20:29:30.713Z [INFO]: Environment: test
2025-02-03T20:32:43.285Z [INFO]: Server started on undefined with PID: 12200
2025-02-03T20:32:43.289Z [INFO]: Environment: test
2025-02-03T20:34:47.551Z [INFO]: Server started on undefined with PID: 19712
2025-02-03T20:34:47.556Z [INFO]: Environment: test
2025-02-03T20:38:03.739Z [INFO]: Server started on undefined with PID: 7204
2025-02-03T20:38:03.745Z [INFO]: Environment: test
2025-02-03T20:40:33.947Z [INFO]: Server started on undefined with PID: 23268
2025-02-03T20:40:33.952Z [INFO]: Environment: test
2025-02-03T20:42:02.819Z [INFO]: Server started on undefined with PID: 20700
2025-02-03T20:42:02.825Z [INFO]: Environment: test
2025-02-03T20:43:36.504Z [INFO]: Server started on backend-nodejs-main.up.railway.app with PID: 22996
2025-02-03T20:43:36.509Z [INFO]: Environment: test
2025-02-03T20:44:40.079Z [INFO]: Server started on backend-nodejs-main.up.railway.app with PID: 13588
2025-02-03T20:44:40.084Z [INFO]: Environment: test
2025-02-03T20:48:38.802Z [INFO]: Server started on backend-nodejs-main.up.railway.app with PID: 22484
2025-02-03T20:48:38.808Z [INFO]: Environment: test
2025-02-03T20:52:30.391Z [INFO]: Server started on backend-nodejs-main.up.railway.app with PID: 24256
2025-02-03T20:52:30.397Z [INFO]: Environment: test
2025-02-03T21:07:00.040Z [INFO]: Server started on backend-nodejs-main.up.railway.app with PID: 4516
2025-02-03T21:07:00.045Z [INFO]: Environment: test
2025-02-03T21:12:40.271Z [INFO]: Server started on backend-nodejs-main.up.railway.app with PID: 21372
2025-02-03T21:12:40.277Z [INFO]: Environment: test
2025-02-03T21:21:37.408Z [INFO]: Server started on http://localhost:3000/ with PID: 21060
2025-02-03T21:21:37.418Z [INFO]: Environment: test
2025-02-03T21:22:51.269Z [INFO]: Server started on http://localhost:3000/ with PID: 16308
2025-02-03T21:22:51.279Z [INFO]: Environment: test
2025-02-03T21:23:51.146Z [INFO]: Server started on http://localhost:3000/ with PID: 19472
2025-02-03T21:23:51.147Z [INFO]: Environment: production
2025-02-03T21:38:13.970Z [INFO]: Server started on http://localhost:3000/ with PID: 19288
2025-02-03T21:38:13.980Z [INFO]: Environment: test
2025-02-03T21:40:55.012Z [INFO]: Server started on http://localhost:3000/ with PID: 20436
2025-02-03T21:40:55.017Z [INFO]: Environment: test
2025-02-03T21:45:13.395Z [INFO]: Server started on http://localhost:3000/ with PID: 10612
2025-02-03T21:45:13.405Z [INFO]: Environment: test
2025-02-03T21:46:58.142Z [INFO]: Server started on http://localhost:3000/ with PID: 18620
2025-02-03T21:46:58.148Z [INFO]: Environment: test
2025-02-03T21:47:17.285Z [INFO]: Server started on http://localhost:3000/ with PID: 23476
2025-02-03T21:47:17.290Z [INFO]: Environment: test
2025-02-03T21:49:36.293Z [INFO]: Server started on http://localhost:3000/ with PID: 20288
2025-02-03T21:49:36.301Z [INFO]: Environment: test
