{"level":"info","message":"Server started on http://localhost:3000","timestamp":"2024-10-23T01:50:37.024Z"}
{"level":"info","message":"Server started on http://localhost:3000","timestamp":"2024-10-23T01:52:08.193Z"}
{"level":"info","message":"Server started on http://localhost:3000","timestamp":"2024-10-23T01:52:32.343Z"}
{"level":"info","message":"Server started on http://localhost:3000","timestamp":"2024-10-23T01:53:29.308Z"}
{"level":"info","message":"Server started on http://localhost:3000","timestamp":"2024-10-23T01:55:14.192Z"}
{"level":"info","message":"Server started on http://localhost:3000","timestamp":"2024-10-23T01:57:24.521Z"}
{"level":"info","message":"Server started on http://localhost:3000","timestamp":"2024-10-23T01:57:29.122Z"}
{"level":"info","message":"Server started on http://localhost:3000","timestamp":"2024-10-23T02:01:18.515Z"}
{"level":"info","message":"Server started on http://localhost:3000","timestamp":"2024-10-23T02:01:33.472Z"}
{"level":"info","message":"Server started on http://localhost:3000","timestamp":"2024-10-23T02:02:58.174Z"}
{"level":"info","message":"Server started on http://localhost:3000","timestamp":"2024-10-23T02:03:08.811Z"}
{"level":"info","message":"Server started on http://localhost:3000","timestamp":"2024-10-23T02:03:46.255Z"}
{"level":"info","message":"Server started on http://localhost:3000","timestamp":"2024-10-23T02:04:50.883Z"}
{"level":"info","message":"Server started on http://localhost:3000","timestamp":"2024-10-23T02:04:59.028Z"}
{"level":"info","message":"Server started on http://localhost:3000","timestamp":"2024-10-23T02:05:01.097Z"}
{"level":"info","message":"Server started on http://localhost:3000","timestamp":"2024-10-23T02:05:04.599Z"}
{"level":"info","message":"Server started on http://localhost:3000","timestamp":"2024-10-23T02:05:09.809Z"}
{"level":"info","message":"Server started on http://localhost:3000","timestamp":"2024-10-23T02:05:22.245Z"}
{"level":"info","message":"Server started on http://localhost:3000","timestamp":"2024-10-23T02:05:24.812Z"}
{"level":"info","message":"Server started on http://localhost:3000","timestamp":"2024-10-23T02:05:35.415Z"}
{"level":"info","message":"Server started on http://localhost:3000","timestamp":"2024-10-23T02:06:11.989Z"}
{"level":"info","message":"Server started on http://localhost:3000","timestamp":"2024-10-23T02:06:14.207Z"}
{"level":"info","message":"Server started on http://localhost:3000","timestamp":"2024-10-23T02:06:24.070Z"}
{"level":"info","message":"Server started on http://localhost:3000","timestamp":"2024-10-23T02:06:25.603Z"}
{"level":"info","message":"Server started on http://localhost:3000","timestamp":"2024-10-23T02:06:38.548Z"}
{"level":"info","message":"Server started on http://localhost:3000","timestamp":"2024-10-23T02:06:40.569Z"}
{"level":"info","message":"Server started on http://localhost:3000","timestamp":"2024-10-23T02:06:42.370Z"}
{"level":"info","message":"Server started on http://localhost:3000","timestamp":"2024-10-23T02:06:44.017Z"}
{"level":"info","message":"Server started on http://localhost:3000","timestamp":"2024-10-23T02:06:58.778Z"}
{"level":"info","message":"Server started on http://localhost:3000","timestamp":"2024-10-23T02:07:00.555Z"}
{"level":"info","message":"Server started on http://localhost:3000","timestamp":"2024-10-23T02:07:01.842Z"}
{"level":"info","message":"Server started on http://localhost:3000","timestamp":"2024-10-23T02:07:04.088Z"}
{"level":"info","message":"Server started on http://localhost:3000","timestamp":"2024-10-23T02:08:02.766Z"}
{"level":"info","message":"Server started on http://localhost:3000","timestamp":"2024-10-23T02:08:16.827Z"}
{"level":"info","message":"Server started on http://localhost:3000","timestamp":"2024-10-23T02:08:18.028Z"}
{"level":"info","message":"Server started on http://localhost:3000","timestamp":"2024-10-23T02:09:06.982Z"}
{"level":"info","message":"Server started on http://localhost:3000","timestamp":"2024-10-23T02:10:33.576Z"}
{"level":"info","message":"Server started on http://localhost:3000","timestamp":"2024-10-23T02:10:38.522Z"}
{"level":"info","message":"Server started on http://localhost:3000 with PID: 15788","timestamp":"2024-10-23T02:11:32.668Z"}
{"level":"info","message":"Server started on http://localhost:3000 with PID: 16172","timestamp":"2024-10-23T02:11:58.547Z"}
{"level":"info","message":"Environment: undefined","timestamp":"2024-10-23T02:11:58.550Z"}
{"level":"info","message":"Server started on http://localhost:3000 with PID: 10548","timestamp":"2024-10-23T02:15:24.734Z"}
{"level":"info","message":"Environment: undefined","timestamp":"2024-10-23T02:15:24.735Z"}
{"level":"info","message":"Server started on http://localhost:3000 with PID: 6704","timestamp":"2024-10-23T02:16:07.371Z"}
{"level":"info","message":"Environment: undefined","timestamp":"2024-10-23T02:16:07.373Z"}
{"level":"info","message":"Server started on http://localhost:3000 with PID: 8704","timestamp":"2024-10-23T02:17:20.140Z"}
{"level":"info","message":"Environment: undefined","timestamp":"2024-10-23T02:17:20.142Z"}
{"level":"info","message":"Server started on http://localhost:3000 with PID: 16924","timestamp":"2024-10-23T02:19:20.473Z"}
{"level":"info","message":"Environment: undefined","timestamp":"2024-10-23T02:19:20.475Z"}
{"level":"info","message":"Server started on http://localhost:3000 with PID: 10072","timestamp":"2024-10-23T02:19:36.932Z"}
{"level":"info","message":"Environment: undefined","timestamp":"2024-10-23T02:19:36.934Z"}
{"level":"info","message":"Server started on http://localhost:3000 with PID: 11784","timestamp":"2024-10-23T02:19:39.028Z"}
{"level":"info","message":"Environment: undefined","timestamp":"2024-10-23T02:19:39.029Z"}
{"level":"info","message":"Server started on http://localhost:3000 with PID: 16168","timestamp":"2024-10-23T02:19:50.846Z"}
{"level":"info","message":"Environment: undefined","timestamp":"2024-10-23T02:19:50.847Z"}
{"level":"info","message":"Server started on http://localhost:3000 with PID: 3440","timestamp":"2024-10-23T02:19:56.640Z"}
{"level":"info","message":"Environment: undefined","timestamp":"2024-10-23T02:19:56.641Z"}
{"level":"info","message":"Server started on http://localhost:3000 with PID: 18500","timestamp":"2024-10-23T02:19:59.052Z"}
{"level":"info","message":"Environment: undefined","timestamp":"2024-10-23T02:19:59.054Z"}
{"level":"info","message":"Server started on http://localhost:3000 with PID: 15208","timestamp":"2024-10-23T02:20:04.809Z"}
{"level":"info","message":"Environment: undefined","timestamp":"2024-10-23T02:20:04.811Z"}
{"level":"info","message":"Server started on http://localhost:3000 with PID: 12108","timestamp":"2024-10-23T02:20:23.339Z"}
{"level":"info","message":"Environment: undefined","timestamp":"2024-10-23T02:20:23.341Z"}
{"level":"info","message":"Server started on http://localhost:3000 with PID: 1920","timestamp":"2024-10-23T02:20:25.419Z"}
{"level":"info","message":"Environment: undefined","timestamp":"2024-10-23T02:20:25.421Z"}
{"level":"info","message":"Server started on http://localhost:3000 with PID: 12928","timestamp":"2024-10-23T02:23:07.789Z"}
{"level":"info","message":"Environment: undefined","timestamp":"2024-10-23T02:23:07.791Z"}
{"level":"info","message":"Server started on http://localhost:3000 with PID: 12476","timestamp":"2024-10-23T02:23:38.113Z"}
{"level":"info","message":"Environment: undefined","timestamp":"2024-10-23T02:23:38.114Z"}
{"level":"info","message":"Server started on http://localhost:3000 with PID: 2468","timestamp":"2024-10-23T02:24:55.043Z"}
{"level":"info","message":"Environment: undefined","timestamp":"2024-10-23T02:24:55.045Z"}
{"level":"info","message":"Server started on http://localhost:3000 with PID: 9604","timestamp":"2024-10-23T02:25:09.828Z"}
{"level":"info","message":"Environment: undefined","timestamp":"2024-10-23T02:25:09.830Z"}
{"level":"info","message":"Server started on http://localhost:3000 with PID: 17416","timestamp":"2024-10-23T02:26:36.111Z"}
{"level":"info","message":"Environment: undefined","timestamp":"2024-10-23T02:26:36.113Z"}
{"level":"info","message":"Server started on http://localhost:3000 with PID: 14980","timestamp":"2024-10-23T02:26:49.115Z"}
{"level":"info","message":"Environment: undefined","timestamp":"2024-10-23T02:26:49.116Z"}
{"level":"info","message":"Server started on http://localhost:3000 with PID: 3100","timestamp":"2024-10-23T02:29:46.009Z"}
{"level":"info","message":"Environment: undefined","timestamp":"2024-10-23T02:29:46.010Z"}
{"level":"error","message":"path is not defined","timestamp":"2024-10-23T02:29:52.248Z"}
{"level":"error","message":"path is not defined","timestamp":"2024-10-23T02:29:57.243Z"}
{"level":"error","message":"path is not defined","timestamp":"2024-10-23T02:30:03.070Z"}
{"level":"error","message":"path is not defined","timestamp":"2024-10-23T02:30:08.081Z"}
{"level":"error","message":"path is not defined","timestamp":"2024-10-23T02:30:13.081Z"}
{"level":"error","message":"path is not defined","timestamp":"2024-10-23T02:30:18.079Z"}
{"level":"error","message":"path is not defined","timestamp":"2024-10-23T02:30:23.077Z"}
{"level":"error","message":"path is not defined","timestamp":"2024-10-23T02:30:28.071Z"}
{"level":"error","message":"path is not defined","timestamp":"2024-10-23T02:30:33.074Z"}
{"level":"error","message":"path is not defined","timestamp":"2024-10-23T02:30:38.080Z"}
{"level":"error","message":"path is not defined","timestamp":"2024-10-23T02:30:43.095Z"}
{"level":"error","message":"path is not defined","timestamp":"2024-10-23T02:30:48.082Z"}
{"level":"error","message":"path is not defined","timestamp":"2024-10-23T02:30:53.069Z"}
{"level":"error","message":"path is not defined","timestamp":"2024-10-23T02:30:58.069Z"}
{"level":"info","message":"Server started on http://localhost:3000 with PID: 13072","timestamp":"2024-10-23T02:31:13.870Z"}
{"level":"info","message":"Environment: undefined","timestamp":"2024-10-23T02:31:13.872Z"}
{"level":"info","message":"Server started on http://localhost:3000 with PID: 20060","timestamp":"2024-10-23T02:31:21.715Z"}
{"level":"info","message":"Environment: undefined","timestamp":"2024-10-23T02:31:21.717Z"}
{"level":"info","message":"Server started on http://localhost:3000 with PID: 12596","timestamp":"2024-10-23T02:31:25.457Z"}
{"level":"info","message":"Environment: undefined","timestamp":"2024-10-23T02:31:25.459Z"}
{"level":"error","message":"logDirectory is not defined","timestamp":"2024-10-23T02:31:27.867Z"}
{"level":"error","message":"logDirectory is not defined","timestamp":"2024-10-23T02:31:29.650Z"}
{"level":"error","message":"logDirectory is not defined","timestamp":"2024-10-23T02:31:34.651Z"}
{"level":"error","message":"logDirectory is not defined","timestamp":"2024-10-23T02:31:40.080Z"}
{"level":"error","message":"logDirectory is not defined","timestamp":"2024-10-23T02:31:45.076Z"}
{"level":"error","message":"logDirectory is not defined","timestamp":"2024-10-23T02:31:50.079Z"}
{"level":"error","message":"logDirectory is not defined","timestamp":"2024-10-23T02:31:55.072Z"}
{"level":"error","message":"logDirectory is not defined","timestamp":"2024-10-23T02:32:00.078Z"}
{"level":"error","message":"logDirectory is not defined","timestamp":"2024-10-23T02:32:05.070Z"}
{"level":"error","message":"logDirectory is not defined","timestamp":"2024-10-23T02:32:10.071Z"}
{"level":"info","message":"Server started on http://localhost:3000 with PID: 20032","timestamp":"2024-10-23T02:32:12.216Z"}
{"level":"info","message":"Environment: undefined","timestamp":"2024-10-23T02:32:12.218Z"}
{"level":"info","message":"Server started on http://localhost:3000 with PID: 4332","timestamp":"2024-10-23T02:33:16.519Z"}
{"level":"info","message":"Environment: undefined","timestamp":"2024-10-23T02:33:16.521Z"}
{"level":"info","message":"Server started on http://localhost:3000 with PID: 7308","timestamp":"2024-10-23T02:33:55.124Z"}
{"level":"info","message":"Environment: undefined","timestamp":"2024-10-23T02:33:55.126Z"}
{"level":"info","message":"Server started on http://localhost:3000 with PID: 19888","timestamp":"2024-10-23T02:34:05.160Z"}
{"level":"info","message":"Environment: undefined","timestamp":"2024-10-23T02:34:05.166Z"}
{"level":"info","message":"Server started on http://localhost:3000 with PID: 12808","timestamp":"2024-10-23T02:34:18.810Z"}
{"level":"info","message":"Environment: undefined","timestamp":"2024-10-23T02:34:18.813Z"}
{"level":"info","message":"Server started on http://localhost:3000 with PID: 14228","timestamp":"2024-10-23T02:35:12.633Z"}
{"level":"info","message":"Environment: undefined","timestamp":"2024-10-23T02:35:12.635Z"}
{"level":"info","message":"Server started on http://localhost:3000 with PID: 20012","timestamp":"2024-10-23T02:35:21.999Z"}
{"level":"info","message":"Environment: undefined","timestamp":"2024-10-23T02:35:22.000Z"}
{"level":"info","message":"Server started on http://localhost:3000 with PID: 19740","timestamp":"2024-10-23T02:35:23.339Z"}
{"level":"info","message":"Environment: undefined","timestamp":"2024-10-23T02:35:23.340Z"}
{"level":"info","message":"Server started on http://localhost:3000 with PID: 2780","timestamp":"2024-10-23T02:35:30.745Z"}
{"level":"info","message":"Environment: undefined","timestamp":"2024-10-23T02:35:30.747Z"}
{"level":"info","message":"Server started on http://localhost:3000 with PID: 20440","timestamp":"2024-10-23T02:35:32.523Z"}
{"level":"info","message":"Environment: undefined","timestamp":"2024-10-23T02:35:32.525Z"}
{"level":"info","message":"Server started on http://localhost:3000 with PID: 3380","timestamp":"2024-10-23T02:35:33.821Z"}
{"level":"info","message":"Environment: undefined","timestamp":"2024-10-23T02:35:33.823Z"}
{"level":"info","message":"Server started on http://localhost:3000 with PID: 4332","timestamp":"2024-10-23T02:35:37.544Z"}
{"level":"info","message":"Environment: undefined","timestamp":"2024-10-23T02:35:37.546Z"}
{"level":"info","message":"Server started on http://localhost:3000 with PID: 2684","timestamp":"2024-10-23T02:36:51.383Z"}
{"level":"info","message":"Environment: undefined","timestamp":"2024-10-23T02:36:51.384Z"}
{"level":"info","message":"Server started on http://localhost:3000 with PID: 8440","timestamp":"2024-10-23T02:36:53.208Z"}
{"level":"info","message":"Environment: undefined","timestamp":"2024-10-23T02:36:53.210Z"}
{"level":"info","message":"Server started on http://localhost:3000 with PID: 13808","timestamp":"2024-10-23T02:36:54.596Z"}
{"level":"info","message":"Environment: undefined","timestamp":"2024-10-23T02:36:54.597Z"}
{"level":"info","message":"Server started on http://localhost:3000 with PID: 17904","timestamp":"2024-10-23T02:36:58.098Z"}
{"level":"info","message":"Environment: undefined","timestamp":"2024-10-23T02:36:58.099Z"}
{"level":"info","message":"Server started on http://localhost:3000 with PID: 524","timestamp":"2024-10-23T02:37:00.632Z"}
{"level":"info","message":"Environment: undefined","timestamp":"2024-10-23T02:37:00.634Z"}
{"level":"info","message":"Server started on http://localhost:3000 with PID: 13112","timestamp":"2024-10-23T02:37:04.070Z"}
{"level":"info","message":"Environment: undefined","timestamp":"2024-10-23T02:37:04.072Z"}
{"level":"info","message":"Server started on http://localhost:3000 with PID: 10760","timestamp":"2024-10-23T02:37:33.222Z"}
{"level":"info","message":"Environment: undefined","timestamp":"2024-10-23T02:37:33.223Z"}
{"level":"info","message":"Server started on http://localhost:3000 with PID: 5304","timestamp":"2024-10-23T02:41:36.153Z"}
{"level":"info","message":"Environment: undefined","timestamp":"2024-10-23T02:41:36.154Z"}
{"level":"info","message":"Server started on http://localhost:3000 with PID: 1660","timestamp":"2024-10-23T02:42:12.538Z"}
{"level":"info","message":"Environment: undefined","timestamp":"2024-10-23T02:42:12.540Z"}
{"level":"info","message":"Server started on http://localhost:3000 with PID: 9152","timestamp":"2024-10-23T02:45:11.300Z"}
{"level":"info","message":"Environment: undefined","timestamp":"2024-10-23T02:45:11.302Z"}
{"level":"info","message":"Server started on http://localhost:3000 with PID: 19364","timestamp":"2024-10-23T02:45:15.796Z"}
{"level":"info","message":"Environment: undefined","timestamp":"2024-10-23T02:45:15.797Z"}
{"level":"info","message":"Server started on http://localhost:3000 with PID: 14980","timestamp":"2024-10-23T02:46:24.118Z"}
{"level":"info","message":"Environment: undefined","timestamp":"2024-10-23T02:46:24.121Z"}
{"level":"info","message":"Server started on http://localhost:3000 with PID: 10272","timestamp":"2024-10-23T02:46:25.190Z"}
{"level":"info","message":"Environment: undefined","timestamp":"2024-10-23T02:46:25.191Z"}
{"level":"info","message":"Test route accessed","timestamp":"2024-10-23T02:46:31.905Z"}
{"level":"info","message":"Server started on http://localhost:3000 with PID: 19684","timestamp":"2024-10-23T02:47:34.330Z"}
{"level":"info","message":"Environment: undefined","timestamp":"2024-10-23T02:47:34.331Z"}
{"level":"info","message":"Server started on http://localhost:3000 with PID: 1928","timestamp":"2024-10-23T02:48:40.561Z"}
{"level":"info","message":"Environment: undefined","timestamp":"2024-10-23T02:48:40.563Z"}
{"level":"info","message":"Server started on http://localhost:3000 with PID: 2284","timestamp":"2024-10-23T02:48:43.203Z"}
{"level":"info","message":"Environment: undefined","timestamp":"2024-10-23T02:48:43.205Z"}
{"level":"info","message":"Server started on http://localhost:3000 with PID: 5716","timestamp":"2024-10-23T02:48:52.350Z"}
{"level":"info","message":"Environment: undefined","timestamp":"2024-10-23T02:48:52.351Z"}
{"level":"info","message":"Server started on http://localhost:3000 with PID: 1524","timestamp":"2024-10-23T02:48:53.729Z"}
{"level":"info","message":"Environment: undefined","timestamp":"2024-10-23T02:48:53.731Z"}
{"level":"info","message":"Server started on http://localhost:3000 with PID: 12584","timestamp":"2024-10-23T02:50:33.234Z"}
{"level":"info","message":"Environment: undefined","timestamp":"2024-10-23T02:50:33.236Z"}
{"level":"info","message":"Server started on http://localhost:3000 with PID: 13220","timestamp":"2024-10-23T02:50:52.679Z"}
{"level":"info","message":"Environment: undefined","timestamp":"2024-10-23T02:50:52.680Z"}
{"level":"info","message":"Server started on http://localhost:3000 with PID: 1808","timestamp":"2024-10-23T02:50:55.080Z"}
{"level":"info","message":"Environment: undefined","timestamp":"2024-10-23T02:50:55.081Z"}
{"level":"info","message":"Server started on http://localhost:3000 with PID: 11088","timestamp":"2024-10-23T02:59:26.091Z"}
{"level":"info","message":"Environment: undefined","timestamp":"2024-10-23T02:59:26.092Z"}
{"level":"info","message":"Server started on http://localhost:3000 with PID: 4368","timestamp":"2024-10-23T03:02:30.218Z"}
{"level":"info","message":"Environment: undefined","timestamp":"2024-10-23T03:02:30.220Z"}
{"level":"info","message":"Server started on http://localhost:3000 with PID: 19840","timestamp":"2024-10-23T03:09:46.657Z"}
{"level":"info","message":"Environment: undefined","timestamp":"2024-10-23T03:09:46.659Z"}
{"level":"info","message":"Server started on http://localhost:3000 with PID: 3200","timestamp":"2024-10-23T03:24:06.157Z"}
{"level":"info","message":"Environment: undefined","timestamp":"2024-10-23T03:24:06.159Z"}
{"level":"info","message":"Server started on http://localhost:3000 with PID: 5212","timestamp":"2024-10-23T03:27:07.459Z"}
{"level":"info","message":"Environment: undefined","timestamp":"2024-10-23T03:27:07.460Z"}
{"level":"info","message":"Server started on http://localhost:3000 with PID: 12684","timestamp":"2024-10-23T03:27:15.930Z"}
{"level":"info","message":"Environment: undefined","timestamp":"2024-10-23T03:27:15.932Z"}
{"level":"info","message":"Server started on http://localhost:3000 with PID: 2140","timestamp":"2024-10-23T03:30:25.032Z"}
{"level":"info","message":"Environment: undefined","timestamp":"2024-10-23T03:30:25.033Z"}
{"level":"info","message":"Server started on http://localhost:3000 with PID: 20428","timestamp":"2024-10-23T03:32:09.952Z"}
{"level":"info","message":"Environment: undefined","timestamp":"2024-10-23T03:32:09.954Z"}
{"level":"info","message":"Server started on http://localhost:3000 with PID: 7472","timestamp":"2024-10-23T03:32:12.270Z"}
{"level":"info","message":"Environment: undefined","timestamp":"2024-10-23T03:32:12.271Z"}
{"level":"info","message":"Server started on http://localhost:3000 with PID: 19740","timestamp":"2024-10-23T03:35:05.870Z"}
{"level":"info","message":"Environment: undefined","timestamp":"2024-10-23T03:35:05.872Z"}
{"level":"info","message":"Server started on http://localhost:3000 with PID: 18536","timestamp":"2024-10-23T03:35:24.477Z"}
{"level":"info","message":"Environment: undefined","timestamp":"2024-10-23T03:35:24.479Z"}
{"level":"info","message":"Server started on http://localhost:3000 with PID: 8028","timestamp":"2024-10-23T03:38:49.356Z"}
{"level":"info","message":"Environment: undefined","timestamp":"2024-10-23T03:38:49.358Z"}
{"level":"info","message":"Rasa server started","timestamp":"2024-10-23T03:38:54.334Z"}
{"level":"info","message":"Server started on http://localhost:3000 with PID: 5236","timestamp":"2024-10-23T03:42:28.378Z"}
{"level":"info","message":"Environment: undefined","timestamp":"2024-10-23T03:42:28.379Z"}
{"level":"info","message":"Server started on http://localhost:3000 with PID: 20400","timestamp":"2024-10-23T03:42:44.712Z"}
{"level":"info","message":"Environment: undefined","timestamp":"2024-10-23T03:42:44.714Z"}
{"level":"info","message":"Server started on http://localhost:3000 with PID: 6396","timestamp":"2024-10-23T03:44:07.714Z"}
{"level":"info","message":"Environment: undefined","timestamp":"2024-10-23T03:44:07.715Z"}
{"level":"info","message":"Server started on http://localhost:3000 with PID: 8016","timestamp":"2024-10-23T03:44:45.104Z"}
{"level":"info","message":"Environment: undefined","timestamp":"2024-10-23T03:44:45.106Z"}
{"level":"info","message":"Server started on http://localhost:3000 with PID: 644","timestamp":"2024-10-23T03:46:58.926Z"}
{"level":"info","message":"Environment: undefined","timestamp":"2024-10-23T03:46:58.928Z"}
{"level":"info","message":"Server started on http://localhost:3000 with PID: 17912","timestamp":"2024-10-23T03:47:00.460Z"}
{"level":"info","message":"Environment: undefined","timestamp":"2024-10-23T03:47:00.462Z"}
{"level":"info","message":"Server started on http://localhost:3000 with PID: 15788","timestamp":"2024-10-23T03:48:30.241Z"}
{"level":"info","message":"Environment: undefined","timestamp":"2024-10-23T03:48:30.242Z"}
{"level":"info","message":"Server started on http://localhost:3000 with PID: 12232","timestamp":"2024-10-23T03:48:33.300Z"}
{"level":"info","message":"Environment: undefined","timestamp":"2024-10-23T03:48:33.302Z"}
{"level":"info","message":"Server started on http://localhost:3000 with PID: 6020","timestamp":"2024-10-23T03:57:16.718Z"}
{"level":"info","message":"Environment: undefined","timestamp":"2024-10-23T03:57:16.721Z"}
{"level":"info","message":"Server started on http://localhost:3000 with PID: 19020","timestamp":"2024-10-23T03:57:32.110Z"}
{"level":"info","message":"Environment: undefined","timestamp":"2024-10-23T03:57:32.112Z"}
{"level":"info","message":"Server started on http://localhost:3000 with PID: 14800","timestamp":"2024-10-23T03:57:34.977Z"}
{"level":"info","message":"Environment: undefined","timestamp":"2024-10-23T03:57:34.979Z"}
{"level":"info","message":"Server started on http://localhost:3000 with PID: 6080","timestamp":"2024-10-23T03:58:33.872Z"}
{"level":"info","message":"Environment: undefined","timestamp":"2024-10-23T03:58:33.874Z"}
{"level":"info","message":"Server started on http://localhost:3000 with PID: 7068","timestamp":"2024-10-23T03:58:40.068Z"}
{"level":"info","message":"Environment: undefined","timestamp":"2024-10-23T03:58:40.069Z"}
{"level":"info","message":"Server started on http://localhost:3000 with PID: 19040","timestamp":"2024-10-23T03:59:36.210Z"}
{"level":"info","message":"Environment: undefined","timestamp":"2024-10-23T03:59:36.212Z"}
{"level":"info","message":"Server started on http://localhost:3000 with PID: 9544","timestamp":"2024-10-23T03:59:37.845Z"}
{"level":"info","message":"Environment: undefined","timestamp":"2024-10-23T03:59:37.847Z"}
{"level":"info","message":"Server started on http://localhost:3000 with PID: 3024","timestamp":"2024-10-23T04:01:31.997Z"}
{"level":"info","message":"Environment: undefined","timestamp":"2024-10-23T04:01:31.998Z"}
{"level":"info","message":"Server started on http://localhost:3000 with PID: 16992","timestamp":"2024-10-23T04:01:35.182Z"}
{"level":"info","message":"Environment: undefined","timestamp":"2024-10-23T04:01:35.184Z"}
{"level":"info","message":"Server started on http://localhost:3000 with PID: 2392","timestamp":"2024-10-23T04:02:13.002Z"}
{"level":"info","message":"Environment: undefined","timestamp":"2024-10-23T04:02:13.003Z"}
{"level":"info","message":"Server started on http://localhost:3000 with PID: 20156","timestamp":"2024-10-23T04:07:57.044Z"}
{"level":"info","message":"Environment: undefined","timestamp":"2024-10-23T04:07:57.045Z"}
{"level":"info","message":"Server started on http://localhost:3000 with PID: 4244","timestamp":"2024-10-23T04:08:15.730Z"}
{"level":"info","message":"Environment: undefined","timestamp":"2024-10-23T04:08:15.731Z"}
{"level":"info","message":"Server started on http://localhost:3000 with PID: 8612","timestamp":"2024-10-23T04:08:17.076Z"}
{"level":"info","message":"Environment: undefined","timestamp":"2024-10-23T04:08:17.077Z"}
{"level":"info","message":"Server started on http://localhost:3000 with PID: 11140","timestamp":"2024-10-23T04:08:27.457Z"}
{"level":"info","message":"Environment: undefined","timestamp":"2024-10-23T04:08:27.459Z"}
{"level":"info","message":"Server started on http://localhost:3000 with PID: 19940","timestamp":"2024-10-23T04:08:29.465Z"}
{"level":"info","message":"Environment: undefined","timestamp":"2024-10-23T04:08:29.467Z"}
{"level":"info","message":"Server started on http://localhost:3000 with PID: 11680","timestamp":"2024-10-23T04:08:32.833Z"}
{"level":"info","message":"Environment: undefined","timestamp":"2024-10-23T04:08:32.834Z"}
{"level":"info","message":"Server started on http://localhost:3000 with PID: 16532","timestamp":"2024-10-23T04:08:36.006Z"}
{"level":"info","message":"Environment: undefined","timestamp":"2024-10-23T04:08:36.007Z"}
{"level":"info","message":"Server started on http://localhost:3000 with PID: 16312","timestamp":"2024-10-23T04:08:37.452Z"}
{"level":"info","message":"Environment: undefined","timestamp":"2024-10-23T04:08:37.453Z"}
{"level":"info","message":"Server started on http://localhost:3000 with PID: 20436","timestamp":"2024-10-23T04:08:41.964Z"}
{"level":"info","message":"Environment: undefined","timestamp":"2024-10-23T04:08:41.966Z"}
{"level":"info","message":"Server started on http://localhost:3000 with PID: 5484","timestamp":"2024-10-23T04:09:32.962Z"}
{"level":"info","message":"Environment: undefined","timestamp":"2024-10-23T04:09:32.964Z"}
{"level":"info","message":"Server started on http://localhost:3000 with PID: 7820","timestamp":"2024-10-23T04:09:35.741Z"}
{"level":"info","message":"Environment: undefined","timestamp":"2024-10-23T04:09:35.743Z"}
{"level":"info","message":"Server started on http://localhost:3000 with PID: 19032","timestamp":"2024-10-23T04:09:42.651Z"}
{"level":"info","message":"Environment: undefined","timestamp":"2024-10-23T04:09:42.653Z"}
{"level":"info","message":"Server started on http://localhost:3000 with PID: 7772","timestamp":"2024-10-23T04:09:47.736Z"}
{"level":"info","message":"Environment: undefined","timestamp":"2024-10-23T04:09:47.738Z"}
{"level":"info","message":"Server started on http://localhost:3000 with PID: 17552","timestamp":"2024-10-23T04:10:15.705Z"}
{"level":"info","message":"Environment: undefined","timestamp":"2024-10-23T04:10:15.706Z"}
{"level":"info","message":"Server started on http://localhost:3000 with PID: 19692","timestamp":"2024-10-23T04:10:19.789Z"}
{"level":"info","message":"Environment: undefined","timestamp":"2024-10-23T04:10:19.791Z"}
{"level":"info","message":"Server started on http://localhost:3000 with PID: 7876","timestamp":"2024-10-23T04:26:17.089Z"}
{"level":"info","message":"Environment: undefined","timestamp":"2024-10-23T04:26:17.090Z"}
{"level":"info","message":"Server started on http://localhost:3000 with PID: 11472","timestamp":"2024-10-23T04:26:19.702Z"}
{"level":"info","message":"Environment: undefined","timestamp":"2024-10-23T04:26:19.703Z"}
{"level":"info","message":"Server started on http://localhost:3000 with PID: 7036","timestamp":"2024-10-23T04:26:20.757Z"}
{"level":"info","message":"Environment: undefined","timestamp":"2024-10-23T04:26:20.758Z"}
{"level":"info","message":"Server started on http://localhost:3000 with PID: 18928","timestamp":"2024-10-23T04:26:21.969Z"}
{"level":"info","message":"Environment: undefined","timestamp":"2024-10-23T04:26:21.971Z"}
{"level":"info","message":"Server started on http://localhost:3000 with PID: 20212","timestamp":"2024-10-23T04:26:23.219Z"}
{"level":"info","message":"Environment: undefined","timestamp":"2024-10-23T04:26:23.220Z"}
{"level":"info","message":"Server started on http://localhost:3000 with PID: 16360","timestamp":"2024-10-23T04:29:40.639Z"}
{"level":"info","message":"Environment: undefined","timestamp":"2024-10-23T04:29:40.641Z"}
{"level":"info","message":"Server started on http://localhost:3000 with PID: 9028","timestamp":"2024-10-23T04:29:49.002Z"}
{"level":"info","message":"Environment: undefined","timestamp":"2024-10-23T04:29:49.004Z"}
{"level":"info","message":"Server started on http://localhost:3000 with PID: 10660","timestamp":"2024-10-23T04:29:50.961Z"}
{"level":"info","message":"Environment: undefined","timestamp":"2024-10-23T04:29:50.963Z"}
{"level":"info","message":"Server started on http://localhost:3000 with PID: 11624","timestamp":"2024-10-23T04:29:53.266Z"}
{"level":"info","message":"Environment: undefined","timestamp":"2024-10-23T04:29:53.267Z"}
{"level":"info","message":"Server started on http://localhost:3000 with PID: 5472","timestamp":"2024-10-23T04:30:00.476Z"}
{"level":"info","message":"Environment: undefined","timestamp":"2024-10-23T04:30:00.478Z"}
{"level":"info","message":"Server started on http://localhost:3000 with PID: 8028","timestamp":"2024-10-23T04:30:10.225Z"}
{"level":"info","message":"Environment: undefined","timestamp":"2024-10-23T04:30:10.227Z"}
{"level":"info","message":"Server started on http://localhost:3000 with PID: 3884","timestamp":"2024-10-23T04:31:21.850Z"}
{"level":"info","message":"Environment: undefined","timestamp":"2024-10-23T04:31:21.851Z"}
{"level":"info","message":"Server started on http://localhost:3000 with PID: 12320","timestamp":"2024-10-23T04:31:25.984Z"}
{"level":"info","message":"Environment: production","timestamp":"2024-10-23T04:31:25.985Z"}
{"level":"info","message":"Server started on http://localhost:3000 with PID: 17696","timestamp":"2024-10-23T04:35:25.448Z"}
{"level":"info","message":"Environment: production","timestamp":"2024-10-23T04:35:25.450Z"}
{"level":"info","message":"Server started on http://localhost:3000 with PID: 5460","timestamp":"2024-10-23T04:35:42.928Z"}
{"level":"info","message":"Environment: production","timestamp":"2024-10-23T04:35:42.929Z"}
{"level":"info","message":"Server started on http://localhost:3000 with PID: 7420","timestamp":"2024-10-23T04:38:17.090Z"}
{"level":"info","message":"Environment: production","timestamp":"2024-10-23T04:38:17.092Z"}
{"level":"info","message":"Server started on http://localhost:3000 with PID: 7036","timestamp":"2024-10-23T04:38:33.074Z"}
{"level":"info","message":"Environment: production","timestamp":"2024-10-23T04:38:33.076Z"}
{"level":"info","message":"Server started on http://localhost:3000 with PID: 13296","timestamp":"2024-10-23T04:39:07.851Z"}
{"level":"info","message":"Environment: production","timestamp":"2024-10-23T04:39:07.853Z"}
{"level":"info","message":"Server started on http://localhost:3000 with PID: 9436","timestamp":"2024-10-23T04:39:09.828Z"}
{"level":"info","message":"Environment: production","timestamp":"2024-10-23T04:39:09.830Z"}
{"level":"info","message":"Server started on http://localhost:3000 with PID: 7896","timestamp":"2024-10-23T04:39:13.219Z"}
{"level":"info","message":"Environment: production","timestamp":"2024-10-23T04:39:13.221Z"}
{"level":"info","message":"Server started on http://localhost:3000 with PID: 13252","timestamp":"2024-10-23T04:39:14.324Z"}
{"level":"info","message":"Environment: production","timestamp":"2024-10-23T04:39:14.326Z"}
{"level":"info","message":"Server started on http://localhost:3000 with PID: 19856","timestamp":"2024-10-23T04:39:16.426Z"}
{"level":"info","message":"Environment: production","timestamp":"2024-10-23T04:39:16.427Z"}
{"level":"info","message":"Server started on http://localhost:3000 with PID: 14708","timestamp":"2024-10-23T04:41:00.529Z"}
{"level":"info","message":"Environment: production","timestamp":"2024-10-23T04:41:00.531Z"}
{"level":"info","message":"Server started on http://localhost:3000 with PID: 8016","timestamp":"2024-10-23T04:42:11.692Z"}
{"level":"info","message":"Environment: production","timestamp":"2024-10-23T04:42:11.694Z"}
{"level":"info","message":"Server started on http://localhost:3000 with PID: 5376","timestamp":"2024-10-23T04:42:24.167Z"}
{"level":"info","message":"Environment: production","timestamp":"2024-10-23T04:42:24.169Z"}
{"level":"info","message":"Server started on http://localhost:3000 with PID: 3704","timestamp":"2024-10-23T04:42:30.483Z"}
{"level":"info","message":"Environment: production","timestamp":"2024-10-23T04:42:30.484Z"}
{"level":"info","message":"Server started on http://localhost:3000 with PID: 12088","timestamp":"2024-10-23T04:42:34.221Z"}
{"level":"info","message":"Environment: production","timestamp":"2024-10-23T04:42:34.223Z"}
{"level":"info","message":"Server started on http://localhost:3000 with PID: 20116","timestamp":"2024-10-23T04:42:46.295Z"}
{"level":"info","message":"Environment: production","timestamp":"2024-10-23T04:42:46.297Z"}
{"level":"info","message":"Server started on http://localhost:3000 with PID: 3256","timestamp":"2024-10-23T04:42:48.153Z"}
{"level":"info","message":"Environment: production","timestamp":"2024-10-23T04:42:48.155Z"}
{"level":"info","message":"Server started on http://localhost:3000 with PID: 2812","timestamp":"2024-10-23T04:43:48.247Z"}
{"level":"info","message":"Environment: production","timestamp":"2024-10-23T04:43:48.248Z"}
{"level":"info","message":"Server started on http://localhost:3000 with PID: 11948","timestamp":"2024-10-23T04:49:35.184Z"}
{"level":"info","message":"Environment: production","timestamp":"2024-10-23T04:49:35.186Z"}
{"level":"info","message":"Server started on http://localhost:3000 with PID: 18340","timestamp":"2024-10-23T04:52:08.194Z"}
{"level":"info","message":"Environment: production","timestamp":"2024-10-23T04:52:08.196Z"}
{"level":"info","message":"Server started on http://localhost:3000 with PID: 7104","timestamp":"2024-10-23T04:58:12.582Z"}
{"level":"info","message":"Environment: production","timestamp":"2024-10-23T04:58:12.583Z"}
{"level":"info","message":"Server started on http://localhost:3000 with PID: 11756","timestamp":"2024-10-23T04:59:32.588Z"}
{"level":"info","message":"Environment: production","timestamp":"2024-10-23T04:59:32.590Z"}
{"level":"info","message":"Server started on http://localhost:3000 with PID: 16392","timestamp":"2024-10-23T04:59:48.851Z"}
{"level":"info","message":"Environment: production","timestamp":"2024-10-23T04:59:48.853Z"}
{"level":"info","message":"Server started on http://localhost:3000 with PID: 4184","timestamp":"2024-10-23T04:59:50.744Z"}
{"level":"info","message":"Environment: production","timestamp":"2024-10-23T04:59:50.746Z"}
{"level":"info","message":"Server started on http://localhost:3000 with PID: 11032","timestamp":"2024-10-23T05:00:26.237Z"}
{"level":"info","message":"Environment: production","timestamp":"2024-10-23T05:00:26.238Z"}
{"level":"info","message":"Server started on http://localhost:3000 with PID: 18096","timestamp":"2024-10-23T05:01:12.721Z"}
{"level":"info","message":"Environment: production","timestamp":"2024-10-23T05:01:12.722Z"}
{"level":"info","message":"Server started on http://localhost:3000 with PID: 16320","timestamp":"2024-10-23T05:02:54.041Z"}
{"level":"info","message":"Environment: production","timestamp":"2024-10-23T05:02:54.042Z"}
{"level":"info","message":"Server started on http://localhost:3000 with PID: 5100","timestamp":"2024-10-23T05:04:11.705Z"}
{"level":"info","message":"Environment: production","timestamp":"2024-10-23T05:04:11.707Z"}
{"level":"info","message":"Server started on http://localhost:3000 with PID: 15772","timestamp":"2024-10-23T05:04:33.060Z"}
{"level":"info","message":"Environment: production","timestamp":"2024-10-23T05:04:33.062Z"}
{"level":"info","message":"Server started on http://localhost:3000 with PID: 9228","timestamp":"2024-10-23T05:06:54.328Z"}
{"level":"info","message":"Environment: production","timestamp":"2024-10-23T05:06:54.329Z"}
{"level":"info","message":"Server started on http://localhost:3000 with PID: 3604","timestamp":"2024-10-23T05:06:58.277Z"}
{"level":"info","message":"Environment: production","timestamp":"2024-10-23T05:06:58.279Z"}
{"level":"info","message":"Server started on http://localhost:3000 with PID: 15152","timestamp":"2024-10-23T05:09:00.828Z"}
{"level":"info","message":"Environment: production","timestamp":"2024-10-23T05:09:00.830Z"}
{"level":"info","message":"Server started on http://localhost:3000 with PID: 18460","timestamp":"2024-10-23T05:09:02.756Z"}
{"level":"info","message":"Environment: production","timestamp":"2024-10-23T05:09:02.758Z"}
{"level":"info","message":"Server started on http://localhost:3000 with PID: 12960","timestamp":"2024-10-23T05:09:40.419Z"}
{"level":"info","message":"Environment: production","timestamp":"2024-10-23T05:09:40.420Z"}
{"level":"info","message":"Server started on http://localhost:3000 with PID: 13212","timestamp":"2024-10-23T05:09:46.080Z"}
{"level":"info","message":"Environment: production","timestamp":"2024-10-23T05:09:46.081Z"}
{"level":"info","message":"Server started on http://localhost:3000 with PID: 2200","timestamp":"2024-10-23T05:09:47.800Z"}
{"level":"info","message":"Environment: production","timestamp":"2024-10-23T05:09:47.801Z"}
{"level":"info","message":"Server started on http://localhost:3000 with PID: 7688","timestamp":"2024-10-23T05:15:17.740Z"}
{"level":"info","message":"Environment: production","timestamp":"2024-10-23T05:15:17.741Z"}
{"level":"info","message":"Server started on http://localhost:3000 with PID: 292","timestamp":"2024-10-23T05:15:39.752Z"}
{"level":"info","message":"Environment: production","timestamp":"2024-10-23T05:15:39.754Z"}
{"level":"info","message":"Server started on http://localhost:3000 with PID: 11620","timestamp":"2024-10-23T05:15:54.071Z"}
{"level":"info","message":"Environment: production","timestamp":"2024-10-23T05:15:54.073Z"}
{"level":"info","message":"Server started on http://localhost:3000 with PID: 8272","timestamp":"2024-10-23T05:16:00.728Z"}
{"level":"info","message":"Environment: production","timestamp":"2024-10-23T05:16:00.730Z"}
{"level":"info","message":"Server started on http://localhost:3000 with PID: 20028","timestamp":"2024-10-23T05:16:23.498Z"}
{"level":"info","message":"Environment: production","timestamp":"2024-10-23T05:16:23.499Z"}
{"level":"info","message":"Server started on http://localhost:3000 with PID: 18272","timestamp":"2024-10-23T05:16:32.081Z"}
{"level":"info","message":"Environment: production","timestamp":"2024-10-23T05:16:32.082Z"}
{"level":"info","message":"Server started on http://localhost:3000 with PID: 9324","timestamp":"2024-10-23T05:16:58.586Z"}
{"level":"info","message":"Environment: production","timestamp":"2024-10-23T05:16:58.588Z"}
{"level":"info","message":"Server started on http://localhost:3000 with PID: 11248","timestamp":"2024-10-23T05:18:09.784Z"}
{"level":"info","message":"Environment: production","timestamp":"2024-10-23T05:18:09.785Z"}
{"level":"info","message":"Server started on http://localhost:3000 with PID: 17988","timestamp":"2024-10-23T05:20:33.890Z"}
{"level":"info","message":"Environment: production","timestamp":"2024-10-23T05:20:33.891Z"}
{"level":"info","message":"Server started on http://localhost:3000 with PID: 8684","timestamp":"2024-10-23T05:20:35.539Z"}
{"level":"info","message":"Environment: production","timestamp":"2024-10-23T05:20:35.541Z"}
{"level":"info","message":"Server started on http://localhost:3000 with PID: 20392","timestamp":"2024-10-23T05:22:54.375Z"}
{"level":"info","message":"Environment: production","timestamp":"2024-10-23T05:22:54.377Z"}
{"level":"info","message":"Server started on http://localhost:3000 with PID: 9828","timestamp":"2024-10-23T05:22:56.503Z"}
{"level":"info","message":"Environment: production","timestamp":"2024-10-23T05:22:56.505Z"}
{"level":"info","message":"Server started on http://localhost:3000 with PID: 15136","timestamp":"2024-10-23T05:25:38.690Z"}
{"level":"info","message":"Environment: production","timestamp":"2024-10-23T05:25:38.691Z"}
{"level":"info","message":"Server started on http://localhost:3000 with PID: 5212","timestamp":"2024-10-23T05:29:26.412Z"}
{"level":"info","message":"Environment: production","timestamp":"2024-10-23T05:29:26.413Z"}
{"level":"info","message":"Server started on http://localhost:3000 with PID: 15820","timestamp":"2024-10-23T05:34:05.056Z"}
{"level":"info","message":"Environment: production","timestamp":"2024-10-23T05:34:05.058Z"}
{"level":"info","message":"Server started on http://localhost:3000 with PID: 12936","timestamp":"2024-10-23T05:34:07.144Z"}
{"level":"info","message":"Environment: production","timestamp":"2024-10-23T05:34:07.146Z"}
{"level":"info","message":"Server started on http://localhost:3000 with PID: 16524","timestamp":"2024-10-23T05:38:07.034Z"}
{"level":"info","message":"Environment: production","timestamp":"2024-10-23T05:38:07.035Z"}
{"level":"info","message":"Server started on http://localhost:3000 with PID: 12476","timestamp":"2024-10-23T05:41:37.275Z"}
{"level":"info","message":"Environment: production","timestamp":"2024-10-23T05:41:37.276Z"}
{"level":"info","message":"Server started on http://localhost:3000 with PID: 11112","timestamp":"2024-10-23T05:41:39.170Z"}
{"level":"info","message":"Environment: production","timestamp":"2024-10-23T05:41:39.171Z"}
{"level":"info","message":"Server started on http://localhost:3000 with PID: 13236","timestamp":"2024-10-23T05:44:03.462Z"}
{"level":"info","message":"Environment: production","timestamp":"2024-10-23T05:44:03.464Z"}
{"level":"info","message":"Server started on http://localhost:3000 with PID: 13652","timestamp":"2024-10-23T05:44:05.684Z"}
{"level":"info","message":"Environment: production","timestamp":"2024-10-23T05:44:05.686Z"}
{"level":"info","message":"Server started on http://localhost:3000 with PID: 8812","timestamp":"2024-10-23T05:45:00.477Z"}
{"level":"info","message":"Environment: production","timestamp":"2024-10-23T05:45:00.478Z"}
{"level":"info","message":"Server started on http://localhost:3000 with PID: 11740","timestamp":"2024-10-23T05:48:04.135Z"}
{"level":"info","message":"Environment: production","timestamp":"2024-10-23T05:48:04.136Z"}
{"level":"info","message":"Server started on http://localhost:3000 with PID: 3856","timestamp":"2024-10-23T05:48:05.525Z"}
{"level":"info","message":"Environment: production","timestamp":"2024-10-23T05:48:05.527Z"}
{"level":"info","message":"Server started on http://localhost:3000 with PID: 1536","timestamp":"2024-10-23T05:48:06.667Z"}
{"level":"info","message":"Environment: production","timestamp":"2024-10-23T05:48:06.669Z"}
{"level":"info","message":"Server started on http://localhost:3000 with PID: 16024","timestamp":"2024-10-23T05:48:08.264Z"}
{"level":"info","message":"Environment: production","timestamp":"2024-10-23T05:48:08.266Z"}
{"level":"info","message":"Server started on http://localhost:3000 with PID: 8108","timestamp":"2024-10-23T05:50:07.598Z"}
{"level":"info","message":"Environment: production","timestamp":"2024-10-23T05:50:07.600Z"}
{"level":"info","message":"Server started on http://localhost:3000 with PID: 19492","timestamp":"2024-10-23T05:52:01.044Z"}
{"level":"info","message":"Environment: production","timestamp":"2024-10-23T05:52:01.046Z"}
{"level":"info","message":"Server started on http://localhost:3000 with PID: 3208","timestamp":"2024-10-23T05:54:01.606Z"}
{"level":"info","message":"Environment: production","timestamp":"2024-10-23T05:54:01.608Z"}
{"level":"info","message":"Server started on http://localhost:3000 with PID: 17160","timestamp":"2024-10-23T05:55:31.804Z"}
{"level":"info","message":"Environment: production","timestamp":"2024-10-23T05:55:31.806Z"}
{"level":"info","message":"Server started on http://localhost:3000 with PID: 7532","timestamp":"2024-10-23T05:55:36.666Z"}
{"level":"info","message":"Environment: production","timestamp":"2024-10-23T05:55:36.668Z"}
{"level":"info","message":"Server started on http://localhost:3000 with PID: 2636","timestamp":"2024-10-23T05:55:37.873Z"}
{"level":"info","message":"Environment: production","timestamp":"2024-10-23T05:55:37.875Z"}
{"level":"info","message":"Server started on http://localhost:3000 with PID: 11976","timestamp":"2024-10-23T06:00:03.531Z"}
{"level":"info","message":"Environment: production","timestamp":"2024-10-23T06:00:03.533Z"}
{"level":"info","message":"Server started on http://localhost:3000 with PID: 4740","timestamp":"2024-10-23T06:00:08.521Z"}
{"level":"info","message":"Environment: production","timestamp":"2024-10-23T06:00:08.523Z"}
{"level":"info","message":"Server started on http://localhost:3000 with PID: 18316","timestamp":"2024-10-23T06:00:10.569Z"}
{"level":"info","message":"Environment: production","timestamp":"2024-10-23T06:00:10.570Z"}
{"level":"info","message":"Server started on http://localhost:3000 with PID: 18512","timestamp":"2024-10-23T06:04:14.232Z"}
{"level":"info","message":"Environment: production","timestamp":"2024-10-23T06:04:14.234Z"}
{"level":"info","message":"Server started on http://localhost:3000 with PID: 5532","timestamp":"2024-10-23T06:08:20.977Z"}
{"level":"info","message":"Environment: production","timestamp":"2024-10-23T06:08:20.980Z"}
{"level":"info","message":"Server started on http://localhost:3000 with PID: 11424","timestamp":"2024-10-23T06:12:09.372Z"}
{"level":"info","message":"Environment: production","timestamp":"2024-10-23T06:12:09.374Z"}
{"level":"info","message":"Server started on http://localhost:3000 with PID: 16524","timestamp":"2024-10-23T06:12:11.588Z"}
{"level":"info","message":"Environment: production","timestamp":"2024-10-23T06:12:11.589Z"}
{"level":"info","message":"Server started on http://localhost:3000 with PID: 17628","timestamp":"2024-10-23T06:12:42.232Z"}
{"level":"info","message":"Environment: production","timestamp":"2024-10-23T06:12:42.233Z"}
{"level":"info","message":"Server started on http://localhost:3000 with PID: 9828","timestamp":"2024-10-23T06:13:44.150Z"}
{"level":"info","message":"Environment: production","timestamp":"2024-10-23T06:13:44.152Z"}
{"level":"info","message":"Server started on http://localhost:3000 with PID: 1272","timestamp":"2024-10-23T06:13:45.885Z"}
{"level":"info","message":"Environment: production","timestamp":"2024-10-23T06:13:45.887Z"}
{"level":"info","message":"Server started on http://localhost:3000 with PID: 9176","timestamp":"2024-10-23T06:24:13.418Z"}
{"level":"info","message":"Environment: production","timestamp":"2024-10-23T06:24:13.419Z"}
2024-10-23T06:25:23.546Z [INFO]: Server started on port 3000
{"level":"info","message":"Server started on http://localhost:3000 with PID: 16460","timestamp":"2024-10-23T06:25:25.058Z"}
{"level":"info","message":"Environment: production","timestamp":"2024-10-23T06:25:25.060Z"}
2024-10-23T06:25:28.912Z [INFO]: Server started on port 3000
{"level":"info","message":"Server started on http://localhost:3000 with PID: 5516","timestamp":"2024-10-23T06:25:33.517Z"}
{"level":"info","message":"Environment: production","timestamp":"2024-10-23T06:25:33.518Z"}
2024-10-23T06:25:59.451Z [INFO]: Server started on http://localhost:3000 with PID: 1372
2024-10-23T06:25:59.454Z [INFO]: Environment: production
2024-10-23T06:29:43.303Z [INFO]: Server started on http://localhost:3000 with PID: 9420
2024-10-23T06:29:43.305Z [INFO]: Environment: production
2024-10-23T06:29:44.997Z [INFO]: Server started on http://localhost:3000 with PID: 11104
2024-10-23T06:29:44.999Z [INFO]: Environment: production
2024-10-23T06:29:47.770Z [INFO]: Server started on http://localhost:3000 with PID: 7772
2024-10-23T06:29:47.773Z [INFO]: Environment: production
2024-10-23T06:29:57.492Z [INFO]: Server started on http://localhost:3000 with PID: 10980
2024-10-23T06:29:57.494Z [INFO]: Environment: production
2024-10-23T06:29:59.443Z [INFO]: Server started on http://localhost:3000 with PID: 19008
2024-10-23T06:29:59.445Z [INFO]: Environment: production
2024-10-23T06:30:25.524Z [INFO]: Server started on http://localhost:3000 with PID: 14920
2024-10-23T06:30:25.527Z [INFO]: Environment: production
2024-10-23T06:31:06.491Z [INFO]: Server started on http://localhost:3000 with PID: 5456
2024-10-23T06:31:06.493Z [INFO]: Environment: production
2024-10-23T06:31:12.516Z [INFO]: Server started on http://localhost:3000 with PID: 5024
2024-10-23T06:31:12.518Z [INFO]: Environment: production
2024-10-23T06:31:17.804Z [INFO]: Server started on http://localhost:3000 with PID: 16168
2024-10-23T06:31:17.806Z [INFO]: Environment: production
2024-10-23T06:31:20.760Z [INFO]: Server started on http://localhost:3000 with PID: 19888
2024-10-23T06:31:20.762Z [INFO]: Environment: production
2024-10-23T06:31:40.089Z [INFO]: Server started on http://localhost:3000 with PID: 10212
2024-10-23T06:31:40.092Z [INFO]: Environment: production
2024-10-23T06:33:02.108Z [INFO]: Server started on http://localhost:3000 with PID: 20264
2024-10-23T06:33:02.111Z [INFO]: Environment: production
2024-10-23T06:35:55.002Z [INFO]: Server started on http://localhost:3000 with PID: 2304
2024-10-23T06:35:55.004Z [INFO]: Environment: production
2024-10-23T06:38:43.802Z [INFO]: Server started on http://localhost:3000 with PID: 12612
2024-10-23T06:38:43.804Z [INFO]: Environment: production
2024-10-23T06:39:10.224Z [INFO]: Server started on http://localhost:3000 with PID: 19412
2024-10-23T06:39:10.226Z [INFO]: Environment: production
2024-10-23T06:42:24.182Z [INFO]: Server started on http://localhost:3000 with PID: 19540
2024-10-23T06:42:24.183Z [INFO]: Environment: production
2024-10-23T06:44:53.854Z [INFO]: Server started on http://localhost:3000 with PID: 8368
2024-10-23T06:44:53.856Z [INFO]: Environment: production
2024-10-23T06:44:55.531Z [INFO]: Server started on http://localhost:3000 with PID: 1304
2024-10-23T06:44:55.532Z [INFO]: Environment: production
2024-10-23T06:45:05.985Z [INFO]: Server started on http://localhost:3000 with PID: 11420
2024-10-23T06:45:05.987Z [INFO]: Environment: production
2024-10-23T06:45:07.519Z [INFO]: Server started on http://localhost:3000 with PID: 19472
2024-10-23T06:45:07.521Z [INFO]: Environment: production
2024-10-23T06:50:11.327Z [INFO]: Server started on http://localhost:3000 with PID: 6396
2024-10-23T06:50:11.330Z [INFO]: Environment: production
2024-10-23T06:50:13.544Z [INFO]: Server started on http://localhost:3000 with PID: 11000
2024-10-23T06:50:13.546Z [INFO]: Environment: production
2024-10-23T07:07:03.202Z [INFO]: Server started on http://localhost:3000 with PID: 2924
2024-10-23T07:07:03.204Z [INFO]: Environment: production
2024-10-23T07:07:04.724Z [INFO]: Server started on http://localhost:3000 with PID: 18012
2024-10-23T07:07:04.726Z [INFO]: Environment: production
2024-10-23T07:10:40.421Z [INFO]: Server started on http://localhost:3000 with PID: 9112
2024-10-23T07:10:40.425Z [INFO]: Environment: production
2024-10-23T07:14:06.479Z [INFO]: Server started on http://localhost:3000 with PID: 2572
2024-10-23T07:14:06.481Z [INFO]: Environment: production
2024-10-23T07:14:53.559Z [INFO]: Server started on http://localhost:3000 with PID: 1416
2024-10-23T07:14:53.562Z [INFO]: Environment: production
2024-10-23T07:15:24.987Z [INFO]: Server started on http://localhost:3000 with PID: 13228
2024-10-23T07:15:24.989Z [INFO]: Environment: production
2024-10-23T07:16:08.933Z [INFO]: Server started on http://localhost:3000 with PID: 16280
2024-10-23T07:16:08.935Z [INFO]: Environment: production
2024-10-23T07:19:40.157Z [INFO]: Server started on http://localhost:3000 with PID: 12928
2024-10-23T07:19:40.159Z [INFO]: Environment: production
2024-10-23T07:26:26.505Z [INFO]: Server started on http://localhost:3000 with PID: 18272
2024-10-23T07:26:26.508Z [INFO]: Environment: production
2024-10-23T07:27:25.434Z [INFO]: Server started on http://localhost:3000 (Rasa on TCP 0.0.0.0:5005) with PID: 19056
2024-10-23T07:27:25.436Z [INFO]: Environment: production
2024-10-23T07:27:28.881Z [INFO]: Server started on http://localhost:3000 (Rasa on TCP 0.0.0.0:5005) with PID: 17664
2024-10-23T07:27:28.884Z [INFO]: Environment: production
2024-10-23T07:27:58.280Z [INFO]: Server started on http://localhost:3000 (Rasa on TCP 0.0.0.0:5005) with PID: 16088
2024-10-23T07:27:58.282Z [INFO]: Environment: production
2024-10-23T07:28:56.598Z [INFO]: Server started on http://localhost:3000 with PID: 18736
2024-10-23T07:28:56.600Z [INFO]: Environment: production
2024-10-23T07:30:19.554Z [INFO]: Server started on http://localhost:3000 with PID: 1808
2024-10-23T07:30:19.555Z [INFO]: Rasa server is ready on TCP 0.0.0.0:5005
2024-10-23T07:30:19.556Z [INFO]: Environment: production
2024-10-23T07:30:21.117Z [INFO]: Server started on http://localhost:3000 with PID: 7684
2024-10-23T07:30:21.119Z [INFO]: Rasa server is ready on TCP 0.0.0.0:5005
2024-10-23T07:30:21.119Z [INFO]: Environment: production
2024-10-23T07:31:32.635Z [INFO]: Server started on http://localhost:3000 with PID: 20064
2024-10-23T07:31:32.637Z [INFO]: Environment: production
2024-10-23T07:32:53.225Z [INFO]: Server started on http://localhost:3000 with PID: 11120
2024-10-23T07:32:53.226Z [INFO]: Environment: production
2024-10-23T07:34:26.582Z [INFO]: Server started on http://localhost:3000 with PID: 1616
2024-10-23T07:34:26.584Z [INFO]: Environment: production
2024-10-23T07:34:46.060Z [INFO]: Server started on http://localhost:3000 with PID: 11064
2024-10-23T07:34:46.062Z [INFO]: Environment: production
2024-10-23T07:34:51.835Z [INFO]: Server started on http://localhost:3000 with PID: 20152
2024-10-23T07:34:51.837Z [INFO]: Environment: production
2024-10-23T07:35:14.603Z [INFO]: Server started on http://localhost:3000 with PID: 20000
2024-10-23T07:35:14.605Z [INFO]: Environment: production
2024-10-23T07:35:47.144Z [INFO]: Server started on http://localhost:3000 with PID: 10856
2024-10-23T07:35:47.147Z [INFO]: Environment: production
2024-10-23T07:36:20.301Z [INFO]: Server started on http://localhost:3000 with PID: 13516
2024-10-23T07:36:20.303Z [INFO]: Environment: production
2024-10-23T07:36:35.673Z [INFO]: Server started on http://localhost:3000 with PID: 17440
2024-10-23T07:36:35.674Z [INFO]: Environment: production
2024-10-23T07:36:37.000Z [INFO]: Server started on http://localhost:3000 with PID: 7532
2024-10-23T07:36:37.002Z [INFO]: Environment: production
2024-10-23T07:36:38.755Z [INFO]: Server started on http://localhost:3000 with PID: 3208
2024-10-23T07:36:38.757Z [INFO]: Environment: production
2024-10-23T07:36:41.108Z [INFO]: Server started on http://localhost:3000 with PID: 11368
2024-10-23T07:36:41.110Z [INFO]: Environment: production
2024-10-23T07:36:59.343Z [INFO]: Server started on http://localhost:3000 with PID: 9360
2024-10-23T07:36:59.345Z [INFO]: Environment: production
2024-10-23T07:37:03.324Z [INFO]: Server started on http://localhost:3000 with PID: 3804
2024-10-23T07:37:03.326Z [INFO]: Environment: production
2024-10-23T07:37:05.175Z [INFO]: Server started on http://localhost:3000 with PID: 20152
2024-10-23T07:37:05.177Z [INFO]: Environment: production
2024-10-23T07:39:52.566Z [INFO]: Server started on http://localhost:3000 with PID: 19784
2024-10-23T07:39:52.569Z [INFO]: Environment: production
2024-10-23T07:39:55.743Z [INFO]: Server started on http://localhost:3000 with PID: 18312
2024-10-23T07:39:55.745Z [INFO]: Environment: production
2024-10-23T07:41:56.633Z [INFO]: Server started on http://localhost:3000 with PID: 3932
2024-10-23T07:41:56.636Z [INFO]: Environment: production
2024-10-23T07:44:46.214Z [INFO]: Server started on http://localhost:3000 with PID: 18268
2024-10-23T07:44:46.216Z [INFO]: Environment: production
2024-10-23T07:45:02.179Z [INFO]: Server started on http://localhost:3000 with PID: 16396
2024-10-23T07:45:02.181Z [INFO]: Environment: production
2024-10-23T07:45:06.302Z [INFO]: Server started on http://localhost:3000 with PID: 3480
2024-10-23T07:45:06.304Z [INFO]: Environment: production
2024-10-23T07:49:56.065Z [INFO]: Server started on http://localhost:3000 with PID: 6792
2024-10-23T07:49:56.067Z [INFO]: Environment: production
2024-10-23T07:57:16.407Z [INFO]: Server started on http://localhost:3000 with PID: 9640
2024-10-23T07:57:16.410Z [INFO]: Environment: production
2024-10-23T08:00:29.049Z [INFO]: Server started on http://localhost:3000 with PID: 15072
2024-10-23T08:00:29.051Z [INFO]: Environment: production
2024-10-23T08:03:00.215Z [INFO]: Server started on http://localhost:3000 with PID: 8684
2024-10-23T08:03:00.217Z [INFO]: Environment: production
2024-10-23T08:03:14.244Z [INFO]: Server started on http://localhost:3000 with PID: 7560
2024-10-23T08:03:14.246Z [INFO]: Environment: production
2024-10-23T08:03:17.088Z [INFO]: Server started on http://localhost:3000 with PID: 11852
2024-10-23T08:03:17.090Z [INFO]: Environment: production
2024-10-23T08:04:17.995Z [INFO]: Server started on http://localhost:3000 with PID: 16392
2024-10-23T08:04:17.996Z [INFO]: Environment: production
2024-10-23T08:04:23.678Z [INFO]: Server started on http://localhost:3000 with PID: 15924
2024-10-23T08:04:23.680Z [INFO]: Environment: production
2024-10-23T08:06:32.046Z [INFO]: Server started on http://localhost:3000 with PID: 2468
2024-10-23T08:06:32.047Z [INFO]: Environment: production
2024-10-23T08:09:49.674Z [INFO]: Server started on http://localhost:3000 with PID: 19760
2024-10-23T08:09:49.676Z [INFO]: Environment: production
2024-10-23T08:11:06.410Z [INFO]: Server started on http://localhost:3000 with PID: 19408
2024-10-23T08:11:06.412Z [INFO]: Environment: production
2024-10-23T08:16:41.654Z [INFO]: Server started on http://localhost:3000 with PID: 18340
2024-10-23T08:16:41.656Z [INFO]: Environment: production
2024-10-23T08:16:55.032Z [INFO]: Server started on http://localhost:3000 with PID: 18272
2024-10-23T08:16:55.034Z [INFO]: Environment: production
2024-10-23T08:21:32.166Z [INFO]: Server started on http://localhost:3000 with PID: 500
2024-10-23T08:21:32.167Z [INFO]: Environment: production
2024-10-23T08:24:39.325Z [INFO]: Server started on http://localhost:3000 with PID: 10256
2024-10-23T08:24:39.326Z [INFO]: Environment: production
2024-10-23T08:24:47.017Z [INFO]: Server started on http://localhost:3000 with PID: 13516
2024-10-23T08:24:47.019Z [INFO]: Environment: production
2024-10-23T08:25:35.598Z [INFO]: Server started on http://localhost:3000 with PID: 10408
2024-10-23T08:25:35.599Z [INFO]: Environment: production
2024-10-23T08:28:28.188Z [INFO]: Server started on http://localhost:3000 with PID: 18156
2024-10-23T08:28:28.190Z [INFO]: Environment: production
2024-10-23T08:28:32.013Z [INFO]: Server started on http://localhost:3000 with PID: 19884
2024-10-23T08:28:32.016Z [INFO]: Environment: production
2024-10-23T08:29:14.303Z [INFO]: Server started on http://localhost:3000 with PID: 3408
2024-10-23T08:29:14.305Z [INFO]: Environment: production
2024-10-23T08:29:16.811Z [INFO]: Server started on http://localhost:3000 with PID: 18332
2024-10-23T08:29:16.812Z [INFO]: Environment: production
2024-10-23T08:34:03.555Z [INFO]: Server started on http://localhost:3000 with PID: 8556
2024-10-23T08:34:03.560Z [INFO]: Environment: production
2024-10-23T09:34:23.108Z [INFO]: Server started on http://localhost:3000 with PID: 1856
2024-10-23T09:34:23.110Z [INFO]: Environment: production
2024-10-23T09:35:06.853Z [INFO]: Server started on http://localhost:3000 with PID: 10404
2024-10-23T09:35:06.855Z [INFO]: Environment: production
2024-10-23T09:45:08.038Z [INFO]: Server started on http://localhost:3000 with PID: 3588
2024-10-23T09:45:08.040Z [INFO]: Environment: production
2024-10-23T09:45:12.417Z [INFO]: Server started on http://localhost:3000 with PID: 10252
2024-10-23T09:45:12.420Z [INFO]: Environment: production
2024-10-23T09:48:50.593Z [INFO]: Server started on http://localhost:3000 with PID: 19720
2024-10-23T09:48:50.595Z [INFO]: Environment: production
2024-10-23T10:01:45.777Z [INFO]: Server started on http://localhost:3000 with PID: 15972
2024-10-23T10:01:45.779Z [INFO]: Environment: production
2024-10-23T10:01:48.836Z [INFO]: Server started on http://localhost:3000 with PID: 21212
2024-10-23T10:01:48.838Z [INFO]: Environment: production
2024-10-23T10:02:39.302Z [INFO]: Server started on http://localhost:3000 with PID: 19920
2024-10-23T10:02:39.305Z [INFO]: Environment: production
2024-10-23T10:02:40.261Z [INFO]: Server started on http://localhost:3000 with PID: 21248
2024-10-23T10:02:40.263Z [INFO]: Environment: production
2024-10-23T10:02:56.005Z [INFO]: Server started on http://localhost:3000 with PID: 14104
2024-10-23T10:02:56.007Z [INFO]: Environment: production
2024-10-23T10:02:59.705Z [INFO]: Server started on http://localhost:3000 with PID: 4836
2024-10-23T10:02:59.707Z [INFO]: Environment: production
2024-10-23T10:03:03.367Z [INFO]: Server started on http://localhost:3000 with PID: 17276
2024-10-23T10:03:03.369Z [INFO]: Environment: production
2024-10-23T10:03:05.401Z [INFO]: Server started on http://localhost:3000 with PID: 21284
2024-10-23T10:03:05.404Z [INFO]: Environment: production
2024-10-23T10:03:16.045Z [INFO]: Server started on http://localhost:3000 with PID: 10976
2024-10-23T10:03:16.047Z [INFO]: Environment: production
2024-10-23T10:03:49.444Z [INFO]: Server started on http://localhost:3000 with PID: 19740
2024-10-23T10:03:49.446Z [INFO]: Environment: production
2024-10-23T10:03:55.327Z [INFO]: Server started on http://localhost:3000 with PID: 16024
2024-10-23T10:03:55.329Z [INFO]: Environment: production
2024-10-23T10:04:36.285Z [INFO]: Server started on http://localhost:3000 with PID: 19000
2024-10-23T10:04:36.286Z [INFO]: Environment: production
2024-10-23T10:04:39.680Z [INFO]: Server started on http://localhost:3000 with PID: 19084
2024-10-23T10:04:39.682Z [INFO]: Environment: production
2024-10-23T10:04:41.517Z [INFO]: Server started on http://localhost:3000 with PID: 21360
2024-10-23T10:04:41.518Z [INFO]: Environment: production
2024-10-23T10:04:46.964Z [INFO]: Server started on http://localhost:3000 with PID: 16228
2024-10-23T10:04:46.965Z [INFO]: Environment: production
2024-10-23T10:05:17.097Z [INFO]: Server started on http://localhost:3000 with PID: 18012
2024-10-23T10:05:17.098Z [INFO]: Environment: production
2024-10-23T10:05:20.055Z [INFO]: Server started on http://localhost:3000 with PID: 1816
2024-10-23T10:05:20.057Z [INFO]: Environment: production
2024-10-23T10:05:27.374Z [INFO]: Server started on http://localhost:3000 with PID: 20032
2024-10-23T10:05:27.376Z [INFO]: Environment: production
2024-10-23T10:05:30.992Z [INFO]: Server started on http://localhost:3000 with PID: 17704
2024-10-23T10:05:30.994Z [INFO]: Environment: production
2024-10-23T10:06:02.705Z [INFO]: Server started on http://localhost:3000 with PID: 15312
2024-10-23T10:06:02.707Z [INFO]: Environment: production
2024-10-23T10:06:06.360Z [INFO]: Server started on http://localhost:3000 with PID: 19080
2024-10-23T10:06:06.362Z [INFO]: Environment: production
2024-10-23T10:07:05.531Z [INFO]: Server started on http://localhost:3000 with PID: 2660
2024-10-23T10:07:05.533Z [INFO]: Environment: production
2024-10-23T10:07:16.884Z [INFO]: Server started on http://localhost:3000 with PID: 20536
2024-10-23T10:07:16.886Z [INFO]: Environment: production
2024-10-23T10:07:21.597Z [INFO]: Server started on http://localhost:3000 with PID: 10384
2024-10-23T10:07:21.598Z [INFO]: Environment: production
2024-10-23T10:07:46.145Z [INFO]: Server started on http://localhost:3000 with PID: 17704
2024-10-23T10:07:46.147Z [INFO]: Environment: production
2024-10-23T10:07:53.073Z [INFO]: Server started on http://localhost:3000 with PID: 20148
2024-10-23T10:07:53.075Z [INFO]: Environment: production
2024-10-23T10:07:57.305Z [INFO]: Server started on http://localhost:3000 with PID: 7364
2024-10-23T10:07:57.307Z [INFO]: Environment: production
2024-10-23T10:07:59.824Z [INFO]: Server started on http://localhost:3000 with PID: 11344
2024-10-23T10:07:59.827Z [INFO]: Environment: production
2024-10-23T10:09:01.251Z [INFO]: Server started on http://localhost:3000 with PID: 16432
2024-10-23T10:09:01.253Z [INFO]: Environment: production
2024-10-23T10:14:51.583Z [INFO]: Server started on http://localhost:3000 with PID: 2584
2024-10-23T10:14:51.585Z [INFO]: Environment: production
2024-10-23T10:14:58.688Z [INFO]: Server started on http://localhost:3000 with PID: 18340
2024-10-23T10:14:58.689Z [INFO]: Environment: production
2024-10-23T10:15:01.182Z [INFO]: Server started on http://localhost:3000 with PID: 2984
2024-10-23T10:15:01.184Z [INFO]: Environment: production
